[11:17:49,09] Starting enhanced build process... 
[11:17:49,10] Step 1: Cleaning old builds 
[11:17:49,11] Step 2: Checking dependencies 
Python 3.11.9
6.2.0
[11:17:49,75] Step 3: Starting PyInstaller build 
372 INFO: PyInstaller: 6.2.0
372 INFO: Python: 3.11.9
379 INFO: Platform: Windows-10-10.0.19045-SP0
379 INFO: wrote C:\Multi Team -C\MultiTeam.spec
380 DEBUG: Testing UPX availability ...
381 DEBUG: UPX is not available.
382 INFO: Removing temporary files and cleaning cache in C:\Users\Medzeta\AppData\Local\pyinstaller
383 DEBUG: script: C:\Multi Team -C\main_pyqt.py
384 INFO: Extending PYTHONPATH with paths
['C:\\Multi Team -C']
140 DEBUG: discover_hook_directories: Hook directories: ['C:\\Users\\Medzeta\\AppData\\Local\\Packages\\PythonSoftwareFoundation.Python.3.11_qbz5n2kfra8p0\\LocalCache\\local-packages\\Python311\\site-packages\\numpy\\_pyinstaller', 'C:\\Users\\Medzeta\\AppData\\Local\\Packages\\PythonSoftwareFoundation.Python.3.11_qbz5n2kfra8p0\\LocalCache\\local-packages\\Python311\\site-packages\\_pyinstaller_hooks_contrib\\stdhooks', 'C:\\Users\\Medzeta\\AppData\\Local\\Packages\\PythonSoftwareFoundation.Python.3.11_qbz5n2kfra8p0\\LocalCache\\local-packages\\Python311\\site-packages\\_pyinstaller_hooks_contrib']
674 INFO: Appending 'datas' from .spec
680 INFO: checking Analysis
680 INFO: Building Analysis because Analysis-00.toc is non existent
680 DEBUG: Excluding module 'matplotlib'
680 DEBUG: Excluding module 'numpy'
680 DEBUG: Excluding module 'pandas'
680 DEBUG: Excluding module 'tkinter'
680 INFO: Initializing module dependency graph...
681 INFO: Caching module graph hooks...
700 INFO: Analyzing base_library.zip ...
700 DEBUG: Collecting submodules for re
270 DEBUG: collect_submodules - scanning (sub)package re
270 DEBUG: collect_submodules - scanning (sub)package re in location(s): ['C:\\Program Files\\WindowsApps\\PythonSoftwareFoundation.Python.3.11_3.11.2544.0_x64__qbz5n2kfra8p0\\Lib\\re']
1129 DEBUG: collect_submodules - found submodules: ['re', 're._casefix', 're._compiler', 're._constants', 're._parser']
1129 DEBUG: Collecting submodules for collections
257 DEBUG: collect_submodules - scanning (sub)package collections
257 DEBUG: collect_submodules - scanning (sub)package collections in location(s): ['C:\\Program Files\\WindowsApps\\PythonSoftwareFoundation.Python.3.11_3.11.2544.0_x64__qbz5n2kfra8p0\\Lib\\collections']
1542 DEBUG: collect_submodules - found submodules: ['collections', 'collections.abc']
1543 DEBUG: Collecting submodules for encodings
266 DEBUG: collect_submodules - scanning (sub)package encodings
266 DEBUG: collect_submodules - scanning (sub)package encodings in location(s): ['C:\\Program Files\\WindowsApps\\PythonSoftwareFoundation.Python.3.11_3.11.2544.0_x64__qbz5n2kfra8p0\\Lib\\encodings']
1972 DEBUG: collect_submodules - found submodules: ['encodings', 'encodings.aliases', 'encodings.ascii', 'encodings.base64_codec', 'encodings.big5', 'encodings.big5hkscs', 'encodings.bz2_codec', 'encodings.charmap', 'encodings.cp037', 'encodings.cp1006', 'encodings.cp1026', 'encodings.cp1125', 'encodings.cp1140', 'encodings.cp1250', 'encodings.cp1251', 'encodings.cp1252', 'encodings.cp1253', 'encodings.cp1254', 'encodings.cp1255', 'encodings.cp1256', 'encodings.cp1257', 'encodings.cp1258', 'encodings.cp273', 'encodings.cp424', 'encodings.cp437', 'encodings.cp500', 'encodings.cp720', 'encodings.cp737', 'encodings.cp775', 'encodings.cp850', 'encodings.cp852', 'encodings.cp855', 'encodings.cp856', 'encodings.cp857', 'encodings.cp858', 'encodings.cp860', 'encodings.cp861', 'encodings.cp862', 'encodings.cp863', 'encodings.cp864', 'encodings.cp865', 'encodings.cp866', 'encodings.cp869', 'encodings.cp874', 'encodings.cp875', 'encodings.cp932', 'encodings.cp949', 'encodings.cp950', 'encodings.euc_jis_2004', 'encodings.euc_jisx0213', 'encodings.euc_jp', 'encodings.euc_kr', 'encodings.gb18030', 'encodings.gb2312', 'encodings.gbk', 'encodings.hex_codec', 'encodings.hp_roman8', 'encodings.hz', 'encodings.idna', 'encodings.iso2022_jp', 'encodings.iso2022_jp_1', 'encodings.iso2022_jp_2', 'encodings.iso2022_jp_2004', 'encodings.iso2022_jp_3', 'encodings.iso2022_jp_ext', 'encodings.iso2022_kr', 'encodings.iso8859_1', 'encodings.iso8859_10', 'encodings.iso8859_11', 'encodings.iso8859_13', 'encodings.iso8859_14', 'encodings.iso8859_15', 'encodings.iso8859_16', 'encodings.iso8859_2', 'encodings.iso8859_3', 'encodings.iso8859_4', 'encodings.iso8859_5', 'encodings.iso8859_6', 'encodings.iso8859_7', 'encodings.iso8859_8', 'encodings.iso8859_9', 'encodings.johab', 'encodings.koi8_r', 'encodings.koi8_t', 'encodings.koi8_u', 'encodings.kz1048', 'encodings.latin_1', 'encodings.mac_arabic', 'encodings.mac_croatian', 'encodings.mac_cyrillic', 'encodings.mac_farsi', 'encodings.mac_greek', 'encodings.mac_iceland', 'encodings.mac_latin2', 'encodings.mac_roman', 'encodings.mac_romanian', 'encodings.mac_turkish', 'encodings.mbcs', 'encodings.oem', 'encodings.palmos', 'encodings.ptcp154', 'encodings.punycode', 'encodings.quopri_codec', 'encodings.raw_unicode_escape', 'encodings.rot_13', 'encodings.shift_jis', 'encodings.shift_jis_2004', 'encodings.shift_jisx0213', 'encodings.tis_620', 'encodings.undefined', 'encodings.unicode_escape', 'encodings.utf_16', 'encodings.utf_16_be', 'encodings.utf_16_le', 'encodings.utf_32', 'encodings.utf_32_be', 'encodings.utf_32_le', 'encodings.utf_7', 'encodings.utf_8', 'encodings.utf_8_sig', 'encodings.uu_codec', 'encodings.zlib_codec']
2139 INFO: Loading module hook 'hook-heapq.py' from 'C:\\Users\\Medzeta\\AppData\\Local\\Packages\\PythonSoftwareFoundation.Python.3.11_qbz5n2kfra8p0\\LocalCache\\local-packages\\Python311\\site-packages\\PyInstaller\\hooks'...
2139 DEBUG: Suppressing import of 'doctest' from module 'heapq' due to excluded import 'doctest' specified in a hook for 'heapq' (or its parent package(s)).
2230 INFO: Loading module hook 'hook-encodings.py' from 'C:\\Users\\Medzeta\\AppData\\Local\\Packages\\PythonSoftwareFoundation.Python.3.11_qbz5n2kfra8p0\\LocalCache\\local-packages\\Python311\\site-packages\\PyInstaller\\hooks'...
2230 DEBUG: Collecting submodules for encodings
260 DEBUG: collect_submodules - scanning (sub)package encodings
260 DEBUG: collect_submodules - scanning (sub)package encodings in location(s): ['C:\\Program Files\\WindowsApps\\PythonSoftwareFoundation.Python.3.11_3.11.2544.0_x64__qbz5n2kfra8p0\\Lib\\encodings']
2659 DEBUG: collect_submodules - found submodules: ['encodings', 'encodings.aliases', 'encodings.ascii', 'encodings.base64_codec', 'encodings.big5', 'encodings.big5hkscs', 'encodings.bz2_codec', 'encodings.charmap', 'encodings.cp037', 'encodings.cp1006', 'encodings.cp1026', 'encodings.cp1125', 'encodings.cp1140', 'encodings.cp1250', 'encodings.cp1251', 'encodings.cp1252', 'encodings.cp1253', 'encodings.cp1254', 'encodings.cp1255', 'encodings.cp1256', 'encodings.cp1257', 'encodings.cp1258', 'encodings.cp273', 'encodings.cp424', 'encodings.cp437', 'encodings.cp500', 'encodings.cp720', 'encodings.cp737', 'encodings.cp775', 'encodings.cp850', 'encodings.cp852', 'encodings.cp855', 'encodings.cp856', 'encodings.cp857', 'encodings.cp858', 'encodings.cp860', 'encodings.cp861', 'encodings.cp862', 'encodings.cp863', 'encodings.cp864', 'encodings.cp865', 'encodings.cp866', 'encodings.cp869', 'encodings.cp874', 'encodings.cp875', 'encodings.cp932', 'encodings.cp949', 'encodings.cp950', 'encodings.euc_jis_2004', 'encodings.euc_jisx0213', 'encodings.euc_jp', 'encodings.euc_kr', 'encodings.gb18030', 'encodings.gb2312', 'encodings.gbk', 'encodings.hex_codec', 'encodings.hp_roman8', 'encodings.hz', 'encodings.idna', 'encodings.iso2022_jp', 'encodings.iso2022_jp_1', 'encodings.iso2022_jp_2', 'encodings.iso2022_jp_2004', 'encodings.iso2022_jp_3', 'encodings.iso2022_jp_ext', 'encodings.iso2022_kr', 'encodings.iso8859_1', 'encodings.iso8859_10', 'encodings.iso8859_11', 'encodings.iso8859_13', 'encodings.iso8859_14', 'encodings.iso8859_15', 'encodings.iso8859_16', 'encodings.iso8859_2', 'encodings.iso8859_3', 'encodings.iso8859_4', 'encodings.iso8859_5', 'encodings.iso8859_6', 'encodings.iso8859_7', 'encodings.iso8859_8', 'encodings.iso8859_9', 'encodings.johab', 'encodings.koi8_r', 'encodings.koi8_t', 'encodings.koi8_u', 'encodings.kz1048', 'encodings.latin_1', 'encodings.mac_arabic', 'encodings.mac_croatian', 'encodings.mac_cyrillic', 'encodings.mac_farsi', 'encodings.mac_greek', 'encodings.mac_iceland', 'encodings.mac_latin2', 'encodings.mac_roman', 'encodings.mac_romanian', 'encodings.mac_turkish', 'encodings.mbcs', 'encodings.oem', 'encodings.palmos', 'encodings.ptcp154', 'encodings.punycode', 'encodings.quopri_codec', 'encodings.raw_unicode_escape', 'encodings.rot_13', 'encodings.shift_jis', 'encodings.shift_jis_2004', 'encodings.shift_jisx0213', 'encodings.tis_620', 'encodings.undefined', 'encodings.unicode_escape', 'encodings.utf_16', 'encodings.utf_16_be', 'encodings.utf_16_le', 'encodings.utf_32', 'encodings.utf_32_be', 'encodings.utf_32_le', 'encodings.utf_7', 'encodings.utf_8', 'encodings.utf_8_sig', 'encodings.uu_codec', 'encodings.zlib_codec']
4111 INFO: Loading module hook 'hook-pickle.py' from 'C:\\Users\\Medzeta\\AppData\\Local\\Packages\\PythonSoftwareFoundation.Python.3.11_qbz5n2kfra8p0\\LocalCache\\local-packages\\Python311\\site-packages\\PyInstaller\\hooks'...
4120 DEBUG: Suppressing import of 'doctest' from module 'pickle' due to excluded import 'doctest' specified in a hook for 'pickle' (or its parent package(s)).
4120 DEBUG: Suppressing import of 'argparse' from module 'pickle' due to excluded import 'argparse' specified in a hook for 'pickle' (or its parent package(s)).
5553 INFO: Caching module dependency graph...
5613 DEBUG: Adding python files to base_library.zip
5706 INFO: Running Analysis Analysis-00.toc
5706 INFO: Looking for Python shared library...
5706 INFO: Using Python shared library: C:\Program Files\WindowsApps\PythonSoftwareFoundation.Python.3.11_3.11.2544.0_x64__qbz5n2kfra8p0\python311.dll
5706 INFO: Analyzing C:\Multi Team -C\main_pyqt.py
5730 INFO: Loading module hook 'hook-PyQt6.py' from 'C:\\Users\\Medzeta\\AppData\\Local\\Packages\\PythonSoftwareFoundation.Python.3.11_qbz5n2kfra8p0\\LocalCache\\local-packages\\Python311\\site-packages\\PyInstaller\\hooks'...
5840 INFO: Loading module hook 'hook-customtkinter.py' from 'C:\\Users\\Medzeta\\AppData\\Local\\Packages\\PythonSoftwareFoundation.Python.3.11_qbz5n2kfra8p0\\LocalCache\\local-packages\\Python311\\site-packages\\_pyinstaller_hooks_contrib\\stdhooks'...
5840 DEBUG: Collecting data files for customtkinter
5898 DEBUG: collect_data_files - Found files: [('C:\\Users\\Medzeta\\AppData\\Local\\Packages\\PythonSoftwareFoundation.Python.3.11_qbz5n2kfra8p0\\LocalCache\\local-packages\\Python311\\site-packages\\customtkinter\\assets\\themes\\green.json', 'customtkinter\\assets\\themes'), ('C:\\Users\\Medzeta\\AppData\\Local\\Packages\\PythonSoftwareFoundation.Python.3.11_qbz5n2kfra8p0\\LocalCache\\local-packages\\Python311\\site-packages\\customtkinter\\assets\\icons\\.DS_Store', 'customtkinter\\assets\\icons'), ('C:\\Users\\Medzeta\\AppData\\Local\\Packages\\PythonSoftwareFoundation.Python.3.11_qbz5n2kfra8p0\\LocalCache\\local-packages\\Python311\\site-packages\\customtkinter\\assets\\themes\\blue.json', 'customtkinter\\assets\\themes'), ('C:\\Users\\Medzeta\\AppData\\Local\\Packages\\PythonSoftwareFoundation.Python.3.11_qbz5n2kfra8p0\\LocalCache\\local-packages\\Python311\\site-packages\\customtkinter\\assets\\fonts\\Roboto\\Roboto-Medium.ttf', 'customtkinter\\assets\\fonts\\Roboto'), ('C:\\Users\\Medzeta\\AppData\\Local\\Packages\\PythonSoftwareFoundation.Python.3.11_qbz5n2kfra8p0\\LocalCache\\local-packages\\Python311\\site-packages\\customtkinter\\assets\\themes\\dark-blue.json', 'customtkinter\\assets\\themes'), ('C:\\Users\\Medzeta\\AppData\\Local\\Packages\\PythonSoftwareFoundation.Python.3.11_qbz5n2kfra8p0\\LocalCache\\local-packages\\Python311\\site-packages\\customtkinter\\assets\\fonts\\Roboto\\Roboto-Regular.ttf', 'customtkinter\\assets\\fonts\\Roboto'), ('C:\\Users\\Medzeta\\AppData\\Local\\Packages\\PythonSoftwareFoundation.Python.3.11_qbz5n2kfra8p0\\LocalCache\\local-packages\\Python311\\site-packages\\customtkinter\\assets\\icons\\CustomTkinter_icon_Windows.ico', 'customtkinter\\assets\\icons'), ('C:\\Users\\Medzeta\\AppData\\Local\\Packages\\PythonSoftwareFoundation.Python.3.11_qbz5n2kfra8p0\\LocalCache\\local-packages\\Python311\\site-packages\\customtkinter\\assets\\fonts\\CustomTkinter_shapes_font.otf', 'customtkinter\\assets\\fonts'), ('C:\\Users\\Medzeta\\AppData\\Local\\Packages\\PythonSoftwareFoundation.Python.3.11_qbz5n2kfra8p0\\LocalCache\\local-packages\\Python311\\site-packages\\customtkinter\\assets\\.DS_Store', 'customtkinter\\assets')]
5926 INFO: Loading module hook 'hook-platform.py' from 'C:\\Users\\Medzeta\\AppData\\Local\\Packages\\PythonSoftwareFoundation.Python.3.11_qbz5n2kfra8p0\\LocalCache\\local-packages\\Python311\\site-packages\\PyInstaller\\hooks'...
5927 DEBUG: Suppressing import of 'plistlib' from module 'platform' due to excluded import 'plistlib' specified in a hook for 'platform' (or its parent package(s)).
5951 INFO: Loading module hook 'hook-packaging.py' from 'C:\\Users\\Medzeta\\AppData\\Local\\Packages\\PythonSoftwareFoundation.Python.3.11_qbz5n2kfra8p0\\LocalCache\\local-packages\\Python311\\site-packages\\PyInstaller\\hooks'...
6298 INFO: Loading module hook 'hook-multiprocessing.util.py' from 'C:\\Users\\Medzeta\\AppData\\Local\\Packages\\PythonSoftwareFoundation.Python.3.11_qbz5n2kfra8p0\\LocalCache\\local-packages\\Python311\\site-packages\\PyInstaller\\hooks'...
6299 DEBUG: Suppressing import of 'test' from module 'multiprocessing.util' due to excluded import 'test' specified in a hook for 'multiprocessing.util' (or its parent package(s)).
6496 INFO: Loading module hook 'hook-xml.py' from 'C:\\Users\\Medzeta\\AppData\\Local\\Packages\\PythonSoftwareFoundation.Python.3.11_qbz5n2kfra8p0\\LocalCache\\local-packages\\Python311\\site-packages\\PyInstaller\\hooks'...
7189 INFO: Loading module hook 'hook-PIL.py' from 'C:\\Users\\Medzeta\\AppData\\Local\\Packages\\PythonSoftwareFoundation.Python.3.11_qbz5n2kfra8p0\\LocalCache\\local-packages\\Python311\\site-packages\\PyInstaller\\hooks'...
7295 INFO: Loading module hook 'hook-PIL.Image.py' from 'C:\\Users\\Medzeta\\AppData\\Local\\Packages\\PythonSoftwareFoundation.Python.3.11_qbz5n2kfra8p0\\LocalCache\\local-packages\\Python311\\site-packages\\PyInstaller\\hooks'...
7295 DEBUG: Collecting submodules for PIL
269 DEBUG: collect_submodules - scanning (sub)package PIL
270 DEBUG: collect_submodules - scanning (sub)package PIL in location(s): ['C:\\Users\\Medzeta\\AppData\\Local\\Packages\\PythonSoftwareFoundation.Python.3.11_qbz5n2kfra8p0\\LocalCache\\local-packages\\Python311\\site-packages\\PIL']
7730 DEBUG: collect_submodules - found submodules: ['PIL.BlpImagePlugin', 'PIL.BmpImagePlugin', 'PIL.BufrStubImagePlugin', 'PIL.CurImagePlugin', 'PIL.DcxImagePlugin', 'PIL.DdsImagePlugin', 'PIL.EpsImagePlugin', 'PIL.FitsImagePlugin', 'PIL.FliImagePlugin', 'PIL.FpxImagePlugin', 'PIL.FtexImagePlugin', 'PIL.GbrImagePlugin', 'PIL.GifImagePlugin', 'PIL.GribStubImagePlugin', 'PIL.Hdf5StubImagePlugin', 'PIL.IcnsImagePlugin', 'PIL.IcoImagePlugin', 'PIL.ImImagePlugin', 'PIL.ImtImagePlugin', 'PIL.IptcImagePlugin', 'PIL.Jpeg2KImagePlugin', 'PIL.JpegImagePlugin', 'PIL.McIdasImagePlugin', 'PIL.MicImagePlugin', 'PIL.MpegImagePlugin', 'PIL.MpoImagePlugin', 'PIL.MspImagePlugin', 'PIL.PalmImagePlugin', 'PIL.PcdImagePlugin', 'PIL.PcxImagePlugin', 'PIL.PdfImagePlugin', 'PIL.PixarImagePlugin', 'PIL.PngImagePlugin', 'PIL.PpmImagePlugin', 'PIL.PsdImagePlugin', 'PIL.QoiImagePlugin', 'PIL.SgiImagePlugin', 'PIL.SpiderImagePlugin', 'PIL.SunImagePlugin', 'PIL.TgaImagePlugin', 'PIL.TiffImagePlugin', 'PIL.WebPImagePlugin', 'PIL.WmfImagePlugin', 'PIL.XVThumbImagePlugin', 'PIL.XbmImagePlugin', 'PIL.XpmImagePlugin']
7859 INFO: Loading module hook 'hook-pycparser.py' from 'C:\\Users\\Medzeta\\AppData\\Local\\Packages\\PythonSoftwareFoundation.Python.3.11_qbz5n2kfra8p0\\LocalCache\\local-packages\\Python311\\site-packages\\_pyinstaller_hooks_contrib\\stdhooks'...
8558 INFO: Loading module hook 'hook-setuptools.py' from 'C:\\Users\\Medzeta\\AppData\\Local\\Packages\\PythonSoftwareFoundation.Python.3.11_qbz5n2kfra8p0\\LocalCache\\local-packages\\Python311\\site-packages\\PyInstaller\\hooks'...
8558 DEBUG: Collecting submodules for setuptools._vendor
256 DEBUG: collect_submodules - scanning (sub)package setuptools._vendor
374 DEBUG: collect_submodules - scanning (sub)package setuptools._vendor in location(s): ['C:\\Program Files\\WindowsApps\\PythonSoftwareFoundation.Python.3.11_3.11.2544.0_x64__qbz5n2kfra8p0\\Lib\\site-packages\\setuptools\\_vendor']
376 DEBUG: collect_submodules - scanning (sub)package setuptools._vendor.tomli
379 DEBUG: collect_submodules - scanning (sub)package setuptools._vendor.tomli in location(s): ['C:\\Program Files\\WindowsApps\\PythonSoftwareFoundation.Python.3.11_3.11.2544.0_x64__qbz5n2kfra8p0\\Lib\\site-packages\\setuptools\\_vendor\\tomli']
380 DEBUG: collect_submodules - scanning (sub)package setuptools._vendor.pyparsing
380 DEBUG: collect_submodules - scanning (sub)package setuptools._vendor.pyparsing in location(s): ['C:\\Program Files\\WindowsApps\\PythonSoftwareFoundation.Python.3.11_3.11.2544.0_x64__qbz5n2kfra8p0\\Lib\\site-packages\\setuptools\\_vendor\\pyparsing']
380 DEBUG: collect_submodules - scanning (sub)package setuptools._vendor.packaging
381 DEBUG: collect_submodules - scanning (sub)package setuptools._vendor.packaging in location(s): ['C:\\Program Files\\WindowsApps\\PythonSoftwareFoundation.Python.3.11_3.11.2544.0_x64__qbz5n2kfra8p0\\Lib\\site-packages\\setuptools\\_vendor\\packaging']
381 DEBUG: collect_submodules - scanning (sub)package setuptools._vendor.more_itertools
381 DEBUG: collect_submodules - scanning (sub)package setuptools._vendor.more_itertools in location(s): ['C:\\Program Files\\WindowsApps\\PythonSoftwareFoundation.Python.3.11_3.11.2544.0_x64__qbz5n2kfra8p0\\Lib\\site-packages\\setuptools\\_vendor\\more_itertools']
381 DEBUG: collect_submodules - scanning (sub)package setuptools._vendor.jaraco
381 DEBUG: collect_submodules - scanning (sub)package setuptools._vendor.jaraco in location(s): ['C:\\Program Files\\WindowsApps\\PythonSoftwareFoundation.Python.3.11_3.11.2544.0_x64__qbz5n2kfra8p0\\Lib\\site-packages\\setuptools\\_vendor\\jaraco']
382 DEBUG: collect_submodules - scanning (sub)package setuptools._vendor.jaraco.text
383 DEBUG: collect_submodules - scanning (sub)package setuptools._vendor.jaraco.text in location(s): ['C:\\Program Files\\WindowsApps\\PythonSoftwareFoundation.Python.3.11_3.11.2544.0_x64__qbz5n2kfra8p0\\Lib\\site-packages\\setuptools\\_vendor\\jaraco\\text']
383 DEBUG: collect_submodules - scanning (sub)package setuptools._vendor.importlib_resources
386 DEBUG: collect_submodules - scanning (sub)package setuptools._vendor.importlib_resources in location(s): ['C:\\Program Files\\WindowsApps\\PythonSoftwareFoundation.Python.3.11_3.11.2544.0_x64__qbz5n2kfra8p0\\Lib\\site-packages\\setuptools\\_vendor\\importlib_resources']
387 DEBUG: collect_submodules - scanning (sub)package setuptools._vendor.importlib_metadata
392 DEBUG: collect_submodules - scanning (sub)package setuptools._vendor.importlib_metadata in location(s): ['C:\\Program Files\\WindowsApps\\PythonSoftwareFoundation.Python.3.11_3.11.2544.0_x64__qbz5n2kfra8p0\\Lib\\site-packages\\setuptools\\_vendor\\importlib_metadata']
9530 DEBUG: collect_submodules - found submodules: ['setuptools._vendor', 'setuptools._vendor.importlib_metadata', 'setuptools._vendor.importlib_metadata._adapters', 'setuptools._vendor.importlib_metadata._collections', 'setuptools._vendor.importlib_metadata._compat', 'setuptools._vendor.importlib_metadata._functools', 'setuptools._vendor.importlib_metadata._itertools', 'setuptools._vendor.importlib_metadata._meta', 'setuptools._vendor.importlib_metadata._text', 'setuptools._vendor.importlib_resources', 'setuptools._vendor.importlib_resources._adapters', 'setuptools._vendor.importlib_resources._common', 'setuptools._vendor.importlib_resources._compat', 'setuptools._vendor.importlib_resources._itertools', 'setuptools._vendor.importlib_resources._legacy', 'setuptools._vendor.importlib_resources.abc', 'setuptools._vendor.importlib_resources.readers', 'setuptools._vendor.importlib_resources.simple', 'setuptools._vendor.jaraco', 'setuptools._vendor.jaraco.context', 'setuptools._vendor.jaraco.functools', 'setuptools._vendor.jaraco.text', 'setuptools._vendor.more_itertools', 'setuptools._vendor.more_itertools.more', 'setuptools._vendor.more_itertools.recipes', 'setuptools._vendor.ordered_set', 'setuptools._vendor.packaging', 'setuptools._vendor.packaging.__about__', 'setuptools._vendor.packaging._manylinux', 'setuptools._vendor.packaging._musllinux', 'setuptools._vendor.packaging._structures', 'setuptools._vendor.packaging.markers', 'setuptools._vendor.packaging.requirements', 'setuptools._vendor.packaging.specifiers', 'setuptools._vendor.packaging.tags', 'setuptools._vendor.packaging.utils', 'setuptools._vendor.packaging.version', 'setuptools._vendor.pyparsing', 'setuptools._vendor.pyparsing.actions', 'setuptools._vendor.pyparsing.common', 'setuptools._vendor.pyparsing.core', 'setuptools._vendor.pyparsing.exceptions', 'setuptools._vendor.pyparsing.helpers', 'setuptools._vendor.pyparsing.results', 'setuptools._vendor.pyparsing.testing', 'setuptools._vendor.pyparsing.unicode', 'setuptools._vendor.pyparsing.util', 'setuptools._vendor.tomli', 'setuptools._vendor.tomli._parser', 'setuptools._vendor.tomli._re', 'setuptools._vendor.tomli._types', 'setuptools._vendor.typing_extensions', 'setuptools._vendor.zipp']
9531 DEBUG: Collecting submodules for setuptools._distutils
273 DEBUG: collect_submodules - scanning (sub)package setuptools._distutils
390 DEBUG: collect_submodules - scanning (sub)package setuptools._distutils in location(s): ['C:\\Program Files\\WindowsApps\\PythonSoftwareFoundation.Python.3.11_3.11.2544.0_x64__qbz5n2kfra8p0\\Lib\\site-packages\\setuptools\\_distutils']
392 DEBUG: collect_submodules - scanning (sub)package setuptools._distutils.command
392 DEBUG: collect_submodules - scanning (sub)package setuptools._distutils.command in location(s): ['C:\\Program Files\\WindowsApps\\PythonSoftwareFoundation.Python.3.11_3.11.2544.0_x64__qbz5n2kfra8p0\\Lib\\site-packages\\setuptools\\_distutils\\command']
10524 DEBUG: collect_submodules - found submodules: ['setuptools._distutils', 'setuptools._distutils._collections', 'setuptools._distutils._functools', 'setuptools._distutils._macos_compat', 'setuptools._distutils._msvccompiler', 'setuptools._distutils.archive_util', 'setuptools._distutils.bcppcompiler', 'setuptools._distutils.ccompiler', 'setuptools._distutils.cmd', 'setuptools._distutils.command', 'setuptools._distutils.command._framework_compat', 'setuptools._distutils.command.bdist', 'setuptools._distutils.command.bdist_dumb', 'setuptools._distutils.command.bdist_rpm', 'setuptools._distutils.command.build', 'setuptools._distutils.command.build_clib', 'setuptools._distutils.command.build_ext', 'setuptools._distutils.command.build_py', 'setuptools._distutils.command.build_scripts', 'setuptools._distutils.command.check', 'setuptools._distutils.command.clean', 'setuptools._distutils.command.config', 'setuptools._distutils.command.install', 'setuptools._distutils.command.install_data', 'setuptools._distutils.command.install_egg_info', 'setuptools._distutils.command.install_headers', 'setuptools._distutils.command.install_lib', 'setuptools._distutils.command.install_scripts', 'setuptools._distutils.command.py37compat', 'setuptools._distutils.command.register', 'setuptools._distutils.command.sdist', 'setuptools._distutils.command.upload', 'setuptools._distutils.config', 'setuptools._distutils.core', 'setuptools._distutils.cygwinccompiler', 'setuptools._distutils.debug', 'setuptools._distutils.dep_util', 'setuptools._distutils.dir_util', 'setuptools._distutils.dist', 'setuptools._distutils.errors', 'setuptools._distutils.extension', 'setuptools._distutils.fancy_getopt', 'setuptools._distutils.file_util', 'setuptools._distutils.filelist', 'setuptools._distutils.log', 'setuptools._distutils.msvc9compiler', 'setuptools._distutils.msvccompiler', 'setuptools._distutils.py38compat', 'setuptools._distutils.py39compat', 'setuptools._distutils.spawn', 'setuptools._distutils.sysconfig', 'setuptools._distutils.text_file', 'setuptools._distutils.unixccompiler', 'setuptools._distutils.util', 'setuptools._distutils.version', 'setuptools._distutils.versionpredicate']
10530 INFO: Processing pre-safe import module hook distutils from 'C:\\Users\\Medzeta\\AppData\\Local\\Packages\\PythonSoftwareFoundation.Python.3.11_qbz5n2kfra8p0\\LocalCache\\local-packages\\Python311\\site-packages\\PyInstaller\\hooks\\pre_safe_import_module\\hook-distutils.py'.
10531 INFO: Processing pre-find module path hook distutils from 'C:\\Users\\Medzeta\\AppData\\Local\\Packages\\PythonSoftwareFoundation.Python.3.11_qbz5n2kfra8p0\\LocalCache\\local-packages\\Python311\\site-packages\\PyInstaller\\hooks\\pre_find_module_path\\hook-distutils.py'.
11057 DEBUG: distutils: provided by setuptools
11058 INFO: Loading module hook 'hook-distutils.py' from 'C:\\Users\\Medzeta\\AppData\\Local\\Packages\\PythonSoftwareFoundation.Python.3.11_qbz5n2kfra8p0\\LocalCache\\local-packages\\Python311\\site-packages\\PyInstaller\\hooks'...
11123 INFO: Loading module hook 'hook-distutils.util.py' from 'C:\\Users\\Medzeta\\AppData\\Local\\Packages\\PythonSoftwareFoundation.Python.3.11_qbz5n2kfra8p0\\LocalCache\\local-packages\\Python311\\site-packages\\PyInstaller\\hooks'...
11159 INFO: Loading module hook 'hook-sysconfig.py' from 'C:\\Users\\Medzeta\\AppData\\Local\\Packages\\PythonSoftwareFoundation.Python.3.11_qbz5n2kfra8p0\\LocalCache\\local-packages\\Python311\\site-packages\\PyInstaller\\hooks'...
11160 DEBUG: Suppressing import of '_osx_support' from module 'sysconfig' due to excluded import '_osx_support' specified in a hook for 'sysconfig' (or its parent package(s)).
11166 DEBUG: Suppressing import of '_osx_support' from module 'sysconfig' due to excluded import '_osx_support' specified in a hook for 'sysconfig' (or its parent package(s)).
11186 DEBUG: Suppressing import of 'lib2to3.refactor' from module 'distutils.util' due to excluded import 'lib2to3.refactor' specified in a hook for 'distutils.util' (or its parent package(s)).
11489 INFO: Loading module hook 'hook-pkg_resources.py' from 'C:\\Users\\Medzeta\\AppData\\Local\\Packages\\PythonSoftwareFoundation.Python.3.11_qbz5n2kfra8p0\\LocalCache\\local-packages\\Python311\\site-packages\\PyInstaller\\hooks'...
11551 DEBUG: Collecting submodules for pkg_resources._vendor
277 DEBUG: collect_submodules - scanning (sub)package pkg_resources._vendor
277 DEBUG: collect_submodules - scanning (sub)package pkg_resources._vendor in location(s): ['C:\\Program Files\\WindowsApps\\PythonSoftwareFoundation.Python.3.11_3.11.2544.0_x64__qbz5n2kfra8p0\\Lib\\site-packages\\pkg_resources\\_vendor']
278 DEBUG: collect_submodules - scanning (sub)package pkg_resources._vendor.pyparsing
278 DEBUG: collect_submodules - scanning (sub)package pkg_resources._vendor.pyparsing in location(s): ['C:\\Program Files\\WindowsApps\\PythonSoftwareFoundation.Python.3.11_3.11.2544.0_x64__qbz5n2kfra8p0\\Lib\\site-packages\\pkg_resources\\_vendor\\pyparsing']
279 DEBUG: collect_submodules - scanning (sub)package pkg_resources._vendor.packaging
279 DEBUG: collect_submodules - scanning (sub)package pkg_resources._vendor.packaging in location(s): ['C:\\Program Files\\WindowsApps\\PythonSoftwareFoundation.Python.3.11_3.11.2544.0_x64__qbz5n2kfra8p0\\Lib\\site-packages\\pkg_resources\\_vendor\\packaging']
280 DEBUG: collect_submodules - scanning (sub)package pkg_resources._vendor.more_itertools
280 DEBUG: collect_submodules - scanning (sub)package pkg_resources._vendor.more_itertools in location(s): ['C:\\Program Files\\WindowsApps\\PythonSoftwareFoundation.Python.3.11_3.11.2544.0_x64__qbz5n2kfra8p0\\Lib\\site-packages\\pkg_resources\\_vendor\\more_itertools']
280 DEBUG: collect_submodules - scanning (sub)package pkg_resources._vendor.jaraco
280 DEBUG: collect_submodules - scanning (sub)package pkg_resources._vendor.jaraco in location(s): ['C:\\Program Files\\WindowsApps\\PythonSoftwareFoundation.Python.3.11_3.11.2544.0_x64__qbz5n2kfra8p0\\Lib\\site-packages\\pkg_resources\\_vendor\\jaraco']
281 DEBUG: collect_submodules - scanning (sub)package pkg_resources._vendor.jaraco.text
282 DEBUG: collect_submodules - scanning (sub)package pkg_resources._vendor.jaraco.text in location(s): ['C:\\Program Files\\WindowsApps\\PythonSoftwareFoundation.Python.3.11_3.11.2544.0_x64__qbz5n2kfra8p0\\Lib\\site-packages\\pkg_resources\\_vendor\\jaraco\\text']
283 DEBUG: collect_submodules - scanning (sub)package pkg_resources._vendor.importlib_resources
286 DEBUG: collect_submodules - scanning (sub)package pkg_resources._vendor.importlib_resources in location(s): ['C:\\Program Files\\WindowsApps\\PythonSoftwareFoundation.Python.3.11_3.11.2544.0_x64__qbz5n2kfra8p0\\Lib\\site-packages\\pkg_resources\\_vendor\\importlib_resources']
12269 DEBUG: collect_submodules - found submodules: ['pkg_resources._vendor', 'pkg_resources._vendor.appdirs', 'pkg_resources._vendor.importlib_resources', 'pkg_resources._vendor.importlib_resources._adapters', 'pkg_resources._vendor.importlib_resources._common', 'pkg_resources._vendor.importlib_resources._compat', 'pkg_resources._vendor.importlib_resources._itertools', 'pkg_resources._vendor.importlib_resources._legacy', 'pkg_resources._vendor.importlib_resources.abc', 'pkg_resources._vendor.importlib_resources.readers', 'pkg_resources._vendor.importlib_resources.simple', 'pkg_resources._vendor.jaraco', 'pkg_resources._vendor.jaraco.context', 'pkg_resources._vendor.jaraco.functools', 'pkg_resources._vendor.jaraco.text', 'pkg_resources._vendor.more_itertools', 'pkg_resources._vendor.more_itertools.more', 'pkg_resources._vendor.more_itertools.recipes', 'pkg_resources._vendor.packaging', 'pkg_resources._vendor.packaging.__about__', 'pkg_resources._vendor.packaging._manylinux', 'pkg_resources._vendor.packaging._musllinux', 'pkg_resources._vendor.packaging._structures', 'pkg_resources._vendor.packaging.markers', 'pkg_resources._vendor.packaging.requirements', 'pkg_resources._vendor.packaging.specifiers', 'pkg_resources._vendor.packaging.tags', 'pkg_resources._vendor.packaging.utils', 'pkg_resources._vendor.packaging.version', 'pkg_resources._vendor.pyparsing', 'pkg_resources._vendor.pyparsing.actions', 'pkg_resources._vendor.pyparsing.common', 'pkg_resources._vendor.pyparsing.core', 'pkg_resources._vendor.pyparsing.exceptions', 'pkg_resources._vendor.pyparsing.helpers', 'pkg_resources._vendor.pyparsing.results', 'pkg_resources._vendor.pyparsing.testing', 'pkg_resources._vendor.pyparsing.unicode', 'pkg_resources._vendor.pyparsing.util', 'pkg_resources._vendor.zipp']
12270 DEBUG: Collecting submodules for packaging
326 DEBUG: collect_submodules - scanning (sub)package packaging
326 DEBUG: collect_submodules - scanning (sub)package packaging in location(s): ['C:\\Users\\Medzeta\\AppData\\Local\\Packages\\PythonSoftwareFoundation.Python.3.11_qbz5n2kfra8p0\\LocalCache\\local-packages\\Python311\\site-packages\\packaging']
327 DEBUG: collect_submodules - scanning (sub)package packaging.licenses
328 DEBUG: collect_submodules - scanning (sub)package packaging.licenses in location(s): ['C:\\Users\\Medzeta\\AppData\\Local\\Packages\\PythonSoftwareFoundation.Python.3.11_qbz5n2kfra8p0\\LocalCache\\local-packages\\Python311\\site-packages\\packaging\\licenses']
12765 DEBUG: collect_submodules - found submodules: ['packaging', 'packaging._elffile', 'packaging._manylinux', 'packaging._musllinux', 'packaging._parser', 'packaging._structures', 'packaging._tokenizer', 'packaging.licenses', 'packaging.licenses._spdx', 'packaging.markers', 'packaging.metadata', 'packaging.requirements', 'packaging.specifiers', 'packaging.tags', 'packaging.utils', 'packaging.version']
12821 DEBUG: Suppressing import of '__main__' from module 'pkg_resources' due to excluded import '__main__' specified in a hook for 'pkg_resources' (or its parent package(s)).
12934 INFO: Loading module hook 'hook-importlib_metadata.py' from 'C:\\Users\\Medzeta\\AppData\\Local\\Packages\\PythonSoftwareFoundation.Python.3.11_qbz5n2kfra8p0\\LocalCache\\local-packages\\Python311\\site-packages\\PyInstaller\\hooks'...
14560 INFO: Loading module hook 'hook-PIL.ImageFilter.py' from 'C:\\Users\\Medzeta\\AppData\\Local\\Packages\\PythonSoftwareFoundation.Python.3.11_qbz5n2kfra8p0\\LocalCache\\local-packages\\Python311\\site-packages\\PyInstaller\\hooks'...
14561 DEBUG: Suppressing import of 'numpy' from module 'PIL.ImageFilter' due to excluded import 'numpy' specified in a hook for 'PIL.ImageFilter' (or its parent package(s)).
14565 DEBUG: Suppressing import of 'PyQt6.QtCore' from module 'PIL.ImageQt' due to excluded import 'PyQt6' specified in a hook for 'PIL.ImageQt' (or its parent package(s)).
14565 DEBUG: Suppressing import of 'PyQt6.QtGui' from module 'PIL.ImageQt' due to excluded import 'PyQt6' specified in a hook for 'PIL.ImageQt' (or its parent package(s)).
14565 DEBUG: Suppressing import of 'PySide6.QtCore' from module 'PIL.ImageQt' due to excluded import 'PySide6' specified in a hook for 'PIL.ImageQt' (or its parent package(s)).
14565 DEBUG: Suppressing import of 'PySide6.QtGui' from module 'PIL.ImageQt' due to excluded import 'PySide6' specified in a hook for 'PIL.ImageQt' (or its parent package(s)).
14572 DEBUG: Suppressing import of 'IPython.display' from module 'PIL.ImageShow' due to excluded import 'IPython' specified in a hook for 'PIL.ImageShow' (or its parent package(s)).
14577 DEBUG: Suppressing import of 'tkinter' from module 'PIL.ImageTk' due to excluded import 'tkinter' specified in a hook for 'PIL.ImageTk' (or its parent package(s)).
14979 INFO: Loading module hook 'hook-sqlite3.py' from 'C:\\Users\\Medzeta\\AppData\\Local\\Packages\\PythonSoftwareFoundation.Python.3.11_qbz5n2kfra8p0\\LocalCache\\local-packages\\Python311\\site-packages\\PyInstaller\\hooks'...
14979 DEBUG: Collecting submodules for sqlite3
263 DEBUG: collect_submodules - scanning (sub)package sqlite3
266 DEBUG: collect_submodules - scanning (sub)package sqlite3 in location(s): ['C:\\Program Files\\WindowsApps\\PythonSoftwareFoundation.Python.3.11_3.11.2544.0_x64__qbz5n2kfra8p0\\Lib\\sqlite3']
15406 DEBUG: collect_submodules - found submodules: ['sqlite3', 'sqlite3.dbapi2', 'sqlite3.dump']
15411 INFO: Loading module hook 'hook-bcrypt.py' from 'C:\\Users\\Medzeta\\AppData\\Local\\Packages\\PythonSoftwareFoundation.Python.3.11_qbz5n2kfra8p0\\LocalCache\\local-packages\\Python311\\site-packages\\_pyinstaller_hooks_contrib\\stdhooks'...
15420 INFO: Loading module hook 'hook-cryptography.py' from 'C:\\Users\\Medzeta\\AppData\\Local\\Packages\\PythonSoftwareFoundation.Python.3.11_qbz5n2kfra8p0\\LocalCache\\local-packages\\Python311\\site-packages\\_pyinstaller_hooks_contrib\\stdhooks'...
15420 DEBUG: Collecting submodules for cryptography.hazmat.backends
254 DEBUG: collect_submodules - scanning (sub)package cryptography.hazmat.backends
256 DEBUG: collect_submodules - scanning (sub)package cryptography.hazmat.backends in location(s): ['C:\\Users\\Medzeta\\AppData\\Local\\Packages\\PythonSoftwareFoundation.Python.3.11_qbz5n2kfra8p0\\LocalCache\\local-packages\\Python311\\site-packages\\cryptography\\hazmat\\backends']
256 DEBUG: collect_submodules - scanning (sub)package cryptography.hazmat.backends.openssl
301 DEBUG: collect_submodules - scanning (sub)package cryptography.hazmat.backends.openssl in location(s): ['C:\\Users\\Medzeta\\AppData\\Local\\Packages\\PythonSoftwareFoundation.Python.3.11_qbz5n2kfra8p0\\LocalCache\\local-packages\\Python311\\site-packages\\cryptography\\hazmat\\backends\\openssl']
15952 DEBUG: collect_submodules - found submodules: ['cryptography.hazmat.backends', 'cryptography.hazmat.backends.openssl', 'cryptography.hazmat.backends.openssl.aead', 'cryptography.hazmat.backends.openssl.backend', 'cryptography.hazmat.backends.openssl.ciphers', 'cryptography.hazmat.backends.openssl.cmac', 'cryptography.hazmat.backends.openssl.decode_asn1', 'cryptography.hazmat.backends.openssl.ec', 'cryptography.hazmat.backends.openssl.rsa', 'cryptography.hazmat.backends.openssl.utils']
15952 DEBUG: Collecting submodules for cryptography.hazmat.bindings.openssl
270 DEBUG: collect_submodules - scanning (sub)package cryptography.hazmat.bindings.openssl
272 DEBUG: collect_submodules - scanning (sub)package cryptography.hazmat.bindings.openssl in location(s): ['C:\\Users\\Medzeta\\AppData\\Local\\Packages\\PythonSoftwareFoundation.Python.3.11_qbz5n2kfra8p0\\LocalCache\\local-packages\\Python311\\site-packages\\cryptography\\hazmat\\bindings\\openssl']
16452 DEBUG: collect_submodules - found submodules: ['cryptography.hazmat.bindings.openssl', 'cryptography.hazmat.bindings.openssl._conditional', 'cryptography.hazmat.bindings.openssl.binding']
16799 INFO: hook-cryptography: cryptography does not seem to be using dynamically linked OpenSSL.
17499 INFO: Loading module hook 'hook-pystray.py' from 'C:\\Users\\Medzeta\\AppData\\Local\\Packages\\PythonSoftwareFoundation.Python.3.11_qbz5n2kfra8p0\\LocalCache\\local-packages\\Python311\\site-packages\\_pyinstaller_hooks_contrib\\stdhooks'...
17499 DEBUG: Collecting submodules for pystray
261 DEBUG: collect_submodules - scanning (sub)package pystray
265 DEBUG: collect_submodules - scanning (sub)package pystray in location(s): ['C:\\Users\\Medzeta\\AppData\\Local\\Packages\\PythonSoftwareFoundation.Python.3.11_qbz5n2kfra8p0\\LocalCache\\local-packages\\Python311\\site-packages\\pystray']
265 DEBUG: collect_submodules - scanning (sub)package pystray._util
265 DEBUG: collect_submodules - scanning (sub)package pystray._util in location(s): ['C:\\Users\\Medzeta\\AppData\\Local\\Packages\\PythonSoftwareFoundation.Python.3.11_qbz5n2kfra8p0\\LocalCache\\local-packages\\Python311\\site-packages\\pystray\\_util']
17928 DEBUG: collect_submodules - found submodules: ['pystray', 'pystray._appindicator', 'pystray._base', 'pystray._darwin', 'pystray._dummy', 'pystray._gtk', 'pystray._info', 'pystray._util', 'pystray._util.gtk', 'pystray._util.notify_dbus', 'pystray._util.win32', 'pystray._win32', 'pystray._xorg']
